# JRE version: Java(TM) SE Runtime Environment (8.0_211-b12) (build 1.8.0_211-b12)
# Java VM: Java HotSpot(TM) Client VM (25.211-b12 mixed mode windows-x86 )
Heap:
 def new generation   total 81344K, used 68333K [0x04800000, 0x0a040000, 0x0f2a0000)
  eden space 72320K,  83% used [0x04800000, 0x08327f08, 0x08ea0000)
  from space 9024K,  85% used [0x08ea0000, 0x09633890, 0x09770000)
  to   space 9024K,   0% used [0x09770000, 0x09770000, 0x0a040000)
 tenured generation   total 179408K, used 79777K [0x0f2a0000, 0x1a1d4000, 0x24800000)
   the space 179408K,  44% used [0x0f2a0000, 0x140885d8, 0x14088600, 0x1a1d4000)
 Metaspace       used 72447K, capacity 76481K, committed 78464K, reserved 79232K
GC Heap History (10 events):
Event: 18046.055 GC heap before
{Heap before GC invocations=197 (full 11):
 def new generation   total 81280K, used 79701K [0x04800000, 0x0a030000, 0x0f2a0000)
  eden space 72256K, 100% used [0x04800000, 0x08e90000, 0x08e90000)
  from space 9024K,  82% used [0x08e90000, 0x095d5600, 0x09760000)
  to   space 9024K,   0% used [0x09760000, 0x09760000, 0x0a030000)
 tenured generation   total 179408K, used 161730K [0x0f2a0000, 0x1a1d4000, 0x24800000)
   the space 179408K,  90% used [0x0f2a0000, 0x190909e0, 0x19090a00, 0x1a1d4000)
 Metaspace       used 73791K, capacity 77791K, committed 78464K, reserved 79232K
Event: 18046.088 GC heap after
Heap after GC invocations=198 (full 11):
 def new generation   total 81280K, used 6146K [0x04800000, 0x0a030000, 0x0f2a0000)
  eden space 72256K,   0% used [0x04800000, 0x04800000, 0x08e90000)
  from space 9024K,  68% used [0x09760000, 0x09d60ba0, 0x0a030000)
  to   space 9024K,   0% used [0x08e90000, 0x08e90000, 0x09760000)
 tenured generation   total 179408K, used 168712K [0x0f2a0000, 0x1a1d4000, 0x24800000)
   the space 179408K,  94% used [0x0f2a0000, 0x19762208, 0x19762400, 0x1a1d4000)
 Metaspace       used 73791K, capacity 77791K, committed 78464K, reserved 79232K
}
Event: 18052.706 GC heap before
{Heap before GC invocations=198 (full 11):
 def new generation   total 81280K, used 78402K [0x04800000, 0x0a030000, 0x0f2a0000)
  eden space 72256K, 100% used [0x04800000, 0x08e90000, 0x08e90000)
  from space 9024K,  68% used [0x09760000, 0x09d60ba0, 0x0a030000)
  to   space 9024K,   0% used [0x08e90000, 0x08e90000, 0x09760000)
 tenured generation   total 179408K, used 168712K [0x0f2a0000, 0x1a1d4000, 0x24800000)
   the space 179408K,  94% used [0x0f2a0000, 0x19762208, 0x19762400, 0x1a1d4000)
 Metaspace       used 73831K, capacity 77866K, committed 78464K, reserved 79232K
Event: 18052.756 GC heap after
Heap after GC invocations=199 (full 11):
 def new generation   total 81280K, used 7477K [0x04800000, 0x0a030000, 0x0f2a0000)
  eden space 72256K,   0% used [0x04800000, 0x04800000, 0x08e90000)
  from space 9024K,  82% used [0x08e90000, 0x095dd5c0, 0x09760000)
  to   space 9024K,   0% used [0x09760000, 0x09760000, 0x0a030000)
 tenured generation   total 179408K, used 174386K [0x0f2a0000, 0x1a1d4000, 0x24800000)
   the space 179408K,  97% used [0x0f2a0000, 0x19cec800, 0x19cec800, 0x1a1d4000)
 Metaspace       used 73831K, capacity 77866K, committed 78464K, reserved 79232K
}
Event: 18086.698 GC heap before
{Heap before GC invocations=199 (full 11):
 def new generation   total 81280K, used 79733K [0x04800000, 0x0a030000, 0x0f2a0000)
  eden space 72256K, 100% used [0x04800000, 0x08e90000, 0x08e90000)
  from space 9024K,  82% used [0x08e90000, 0x095dd5c0, 0x09760000)
  to   space 9024K,   0% used [0x09760000, 0x09760000, 0x0a030000)
 tenured generation   total 179408K, used 174386K [0x0f2a0000, 0x1a1d4000, 0x24800000)
   the space 179408K,  97% used [0x0f2a0000, 0x19cec800, 0x19cec800, 0x1a1d4000)
 Metaspace       used 73911K, capacity 78033K, committed 78464K, reserved 79232K
Event: 18087.046 GC heap after
Heap after GC invocations=200 (full 12):
 def new generation   total 81344K, used 0K [0x04800000, 0x0a040000, 0x0f2a0000)
  eden space 72320K,   0% used [0x04800000, 0x04800000, 0x08ea0000)
  from space 9024K,   0% used [0x08ea0000, 0x08ea0000, 0x09770000)
  to   space 9024K,   0% used [0x09770000, 0x09770000, 0x0a040000)
 tenured generation   total 179408K, used 79777K [0x0f2a0000, 0x1a1d4000, 0x24800000)
   the space 179408K,  44% used [0x0f2a0000, 0x140885d8, 0x14088600, 0x1a1d4000)
 Metaspace       used 72367K, capacity 76311K, committed 78464K, reserved 79232K
}
Event: 18093.058 GC heap before
{Heap before GC invocations=200 (full 12):
 def new generation   total 81344K, used 72320K [0x04800000, 0x0a040000, 0x0f2a0000)
  eden space 72320K, 100% used [0x04800000, 0x08ea0000, 0x08ea0000)
  from space 9024K,   0% used [0x08ea0000, 0x08ea0000, 0x09770000)
  to   space 9024K,   0% used [0x09770000, 0x09770000, 0x0a040000)
 tenured generation   total 179408K, used 79777K [0x0f2a0000, 0x1a1d4000, 0x24800000)
   the space 179408K,  44% used [0x0f2a0000, 0x140885d8, 0x14088600, 0x1a1d4000)
 Metaspace       used 72381K, capacity 76341K, committed 78464K, reserved 79232K
Event: 18093.074 GC heap after
Heap after GC invocations=201 (full 12):
 def new generation   total 81344K, used 3297K [0x04800000, 0x0a040000, 0x0f2a0000)
  eden space 72320K,   0% used [0x04800000, 0x04800000, 0x08ea0000)
  from space 9024K,  36% used [0x09770000, 0x09aa8660, 0x0a040000)
  to   space 9024K,   0% used [0x08ea0000, 0x08ea0000, 0x09770000)
 tenured generation   total 179408K, used 79777K [0x0f2a0000, 0x1a1d4000, 0x24800000)
   the space 179408K,  44% used [0x0f2a0000, 0x140885d8, 0x14088600, 0x1a1d4000)
 Metaspace       used 72381K, capacity 76341K, committed 78464K, reserved 79232K
}
Event: 20888.204 GC heap before
{Heap before GC invocations=201 (full 12):
 def new generation   total 81344K, used 75617K [0x04800000, 0x0a040000, 0x0f2a0000)
  eden space 72320K, 100% used [0x04800000, 0x08ea0000, 0x08ea0000)
  from space 9024K,  36% used [0x09770000, 0x09aa8660, 0x0a040000)
  to   space 9024K,   0% used [0x08ea0000, 0x08ea0000, 0x09770000)
 tenured generation   total 179408K, used 79777K [0x0f2a0000, 0x1a1d4000, 0x24800000)
   the space 179408K,  44% used [0x0f2a0000, 0x140885d8, 0x14088600, 0x1a1d4000)
 Metaspace       used 72445K, capacity 76478K, committed 78464K, reserved 79232K
Event: 20888.235 GC heap after
Heap after GC invocations=202 (full 12):
 def new generation   total 81344K, used 7758K [0x04800000, 0x0a040000, 0x0f2a0000)
  eden space 72320K,   0% used [0x04800000, 0x04800000, 0x08ea0000)
  from space 9024K,  85% used [0x08ea0000, 0x09633890, 0x09770000)
  to   space 9024K,   0% used [0x09770000, 0x09770000, 0x0a040000)
 tenured generation   total 179408K, used 79777K [0x0f2a0000, 0x1a1d4000, 0x24800000)
   the space 179408K,  44% used [0x0f2a0000, 0x140885d8, 0x14088600, 0x1a1d4000)
 Metaspace       used 72445K, capacity 76478K, committed 78464K, reserved 79232K
}

